# JRE version: OpenJDK Runtime Environment (8.0_242-b01) (build 1.8.0_242-release-1644-b01)
# Java VM: OpenJDK 64-Bit Server VM (25.242-b01 mixed mode windows-amd64 compressed oops)
Heap:
 PSYoungGen      total 649728K, used 84494K [0x00000000d5580000, 0x0000000100000000, 0x0000000100000000)
  eden space 611840K, 7% used [0x00000000d5580000,0x00000000d83aa730,0x00000000fab00000)
  from space 37888K, 98% used [0x00000000fdb00000,0x00000000fff59358,0x0000000100000000)
  to   space 43520K, 0% used [0x00000000fab00000,0x00000000fab00000,0x00000000fd580000)
 ParOldGen       total 149504K, used 57906K [0x0000000080000000, 0x0000000089200000, 0x00000000d5580000)
  object space 149504K, 38% used [0x0000000080000000,0x000000008388cb50,0x0000000089200000)
 Metaspace       used 110677K, capacity 116924K, committed 117016K, reserved 1150976K
  class space    used 14602K, capacity 15840K, committed 15904K, reserved 1048576K
GC Heap History (10 events):
Event: 225.189 GC heap before
{Heap before GC invocations=14 (full 3):
 PSYoungGen      total 487424K, used 487394K [0x00000000d5580000, 0x00000000f7200000, 0x0000000100000000)
  eden space 463360K, 100% used [0x00000000d5580000,0x00000000f1a00000,0x00000000f1a00000)
  from space 24064K, 99% used [0x00000000f5a80000,0x00000000f71f88d0,0x00000000f7200000)
  to   space 30208K, 0% used [0x00000000f3700000,0x00000000f3700000,0x00000000f5480000)
 ParOldGen       total 104960K, used 45351K [0x0000000080000000, 0x0000000086680000, 0x00000000d5580000)
  object space 104960K, 43% used [0x0000000080000000,0x0000000082c49ef0,0x0000000086680000)
 Metaspace       used 79549K, capacity 82936K, committed 83096K, reserved 1122304K
  class space    used 10434K, capacity 11067K, committed 11168K, reserved 1048576K
Event: 225.328 GC heap after
Heap after GC invocations=14 (full 3):
 PSYoungGen      total 523264K, used 16724K [0x00000000d5580000, 0x00000000fbd80000, 0x0000000100000000)
  eden space 493056K, 0% used [0x00000000d5580000,0x00000000d5580000,0x00000000f3700000)
  from space 30208K, 55% used [0x00000000f3700000,0x00000000f4755148,0x00000000f5480000)
  to   space 29696K, 0% used [0x00000000fa080000,0x00000000fa080000,0x00000000fbd80000)
 ParOldGen       total 104960K, used 63693K [0x0000000080000000, 0x0000000086680000, 0x00000000d5580000)
  object space 104960K, 60% used [0x0000000080000000,0x0000000083e33730,0x0000000086680000)
 Metaspace       used 79549K, capacity 82936K, committed 83096K, reserved 1122304K
  class space    used 10434K, capacity 11067K, committed 11168K, reserved 1048576K
}
Event: 2060.743 GC heap before
{Heap before GC invocations=15 (full 3):
 PSYoungGen      total 523264K, used 294198K [0x00000000d5580000, 0x00000000fbd80000, 0x0000000100000000)
  eden space 493056K, 56% used [0x00000000d5580000,0x00000000e64789c0,0x00000000f3700000)
  from space 30208K, 55% used [0x00000000f3700000,0x00000000f4755148,0x00000000f5480000)
  to   space 29696K, 0% used [0x00000000fa080000,0x00000000fa080000,0x00000000fbd80000)
 ParOldGen       total 104960K, used 63693K [0x0000000080000000, 0x0000000086680000, 0x00000000d5580000)
  object space 104960K, 60% used [0x0000000080000000,0x0000000083e33730,0x0000000086680000)
 Metaspace       used 93705K, capacity 98552K, committed 98600K, reserved 1134592K
  class space    used 12487K, capacity 13439K, committed 13472K, reserved 1048576K
Event: 2061.863 GC heap after
Heap after GC invocations=15 (full 3):
 PSYoungGen      total 599040K, used 22286K [0x00000000d5580000, 0x00000000fd300000, 0x0000000100000000)
  eden space 569344K, 0% used [0x00000000d5580000,0x00000000d5580000,0x00000000f8180000)
  from space 29696K, 75% used [0x00000000fa080000,0x00000000fb643810,0x00000000fbd80000)
  to   space 31744K, 0% used [0x00000000f8180000,0x00000000f8180000,0x00000000fa080000)
 ParOldGen       total 104960K, used 63701K [0x0000000080000000, 0x0000000086680000, 0x00000000d5580000)
  object space 104960K, 60% used [0x0000000080000000,0x0000000083e35730,0x0000000086680000)
 Metaspace       used 93705K, capacity 98552K, committed 98600K, reserved 1134592K
  class space    used 12487K, capacity 13439K, committed 13472K, reserved 1048576K
}
Event: 2061.863 GC heap before
{Heap before GC invocations=16 (full 4):
 PSYoungGen      total 599040K, used 22286K [0x00000000d5580000, 0x00000000fd300000, 0x0000000100000000)
  eden space 569344K, 0% used [0x00000000d5580000,0x00000000d5580000,0x00000000f8180000)
  from space 29696K, 75% used [0x00000000fa080000,0x00000000fb643810,0x00000000fbd80000)
  to   space 31744K, 0% used [0x00000000f8180000,0x00000000f8180000,0x00000000fa080000)
 ParOldGen       total 104960K, used 63701K [0x0000000080000000, 0x0000000086680000, 0x00000000d5580000)
  object space 104960K, 60% used [0x0000000080000000,0x0000000083e35730,0x0000000086680000)
 Metaspace       used 93705K, capacity 98552K, committed 98600K, reserved 1134592K
  class space    used 12487K, capacity 13439K, committed 13472K, reserved 1048576K
Event: 2064.374 GC heap after
Heap after GC invocations=16 (full 4):
 PSYoungGen      total 599040K, used 0K [0x00000000d5580000, 0x00000000fd300000, 0x0000000100000000)
  eden space 569344K, 0% used [0x00000000d5580000,0x00000000d5580000,0x00000000f8180000)
  from space 29696K, 0% used [0x00000000fa080000,0x00000000fa080000,0x00000000fbd80000)
  to   space 31744K, 0% used [0x00000000f8180000,0x00000000f8180000,0x00000000fa080000)
 ParOldGen       total 149504K, used 54197K [0x0000000080000000, 0x0000000089200000, 0x00000000d5580000)
  object space 149504K, 36% used [0x0000000080000000,0x00000000834ed628,0x0000000089200000)
 Metaspace       used 93498K, capacity 98186K, committed 98600K, reserved 1134592K
  class space    used 12448K, capacity 13365K, committed 13472K, reserved 1048576K
}
Event: 2158.671 GC heap before
{Heap before GC invocations=17 (full 4):
 PSYoungGen      total 599040K, used 569344K [0x00000000d5580000, 0x00000000fd300000, 0x0000000100000000)
  eden space 569344K, 100% used [0x00000000d5580000,0x00000000f8180000,0x00000000f8180000)
  from space 29696K, 0% used [0x00000000fa080000,0x00000000fa080000,0x00000000fbd80000)
  to   space 31744K, 0% used [0x00000000f8180000,0x00000000f8180000,0x00000000fa080000)
 ParOldGen       total 149504K, used 54197K [0x0000000080000000, 0x0000000089200000, 0x00000000d5580000)
  object space 149504K, 36% used [0x0000000080000000,0x00000000834ed628,0x0000000089200000)
 Metaspace       used 109570K, capacity 115600K, committed 115864K, reserved 1148928K
  class space    used 14528K, capacity 15691K, committed 15776K, reserved 1048576K
Event: 2161.796 GC heap after
Heap after GC invocations=17 (full 4):
 PSYoungGen      total 601088K, used 31742K [0x00000000d5580000, 0x0000000100000000, 0x0000000100000000)
  eden space 569344K, 0% used [0x00000000d5580000,0x00000000d5580000,0x00000000f8180000)
  from space 31744K, 99% used [0x00000000f8180000,0x00000000fa07fb10,0x00000000fa080000)
  to   space 37888K, 0% used [0x00000000fdb00000,0x00000000fdb00000,0x0000000100000000)
 ParOldGen       total 149504K, used 57898K [0x0000000080000000, 0x0000000089200000, 0x00000000d5580000)
  object space 149504K, 38% used [0x0000000080000000,0x000000008388ab50,0x0000000089200000)
 Metaspace       used 109570K, capacity 115600K, committed 115864K, reserved 1148928K
  class space    used 14528K, capacity 15691K, committed 15776K, reserved 1048576K
}
Event: 4922.660 GC heap before
{Heap before GC invocations=18 (full 4):
 PSYoungGen      total 601088K, used 601086K [0x00000000d5580000, 0x0000000100000000, 0x0000000100000000)
  eden space 569344K, 100% used [0x00000000d5580000,0x00000000f8180000,0x00000000f8180000)
  from space 31744K, 99% used [0x00000000f8180000,0x00000000fa07fb10,0x00000000fa080000)
  to   space 37888K, 0% used [0x00000000fdb00000,0x00000000fdb00000,0x0000000100000000)
 ParOldGen       total 149504K, used 57898K [0x0000000080000000, 0x0000000089200000, 0x00000000d5580000)
  object space 149504K, 38% used [0x0000000080000000,0x000000008388ab50,0x0000000089200000)
 Metaspace       used 110597K, capacity 116824K, committed 117016K, reserved 1150976K
  class space    used 14593K, capacity 15824K, committed 15904K, reserved 1048576K
Event: 4922.974 GC heap after
Heap after GC invocations=18 (full 4):
 PSYoungGen      total 649728K, used 37220K [0x00000000d5580000, 0x0000000100000000, 0x0000000100000000)
  eden space 611840K, 0% used [0x00000000d5580000,0x00000000d5580000,0x00000000fab00000)
  from space 37888K, 98% used [0x00000000fdb00000,0x00000000fff59358,0x0000000100000000)
  to   space 43520K, 0% used [0x00000000fab00000,0x00000000fab00000,0x00000000fd580000)
 ParOldGen       total 149504K, used 57906K [0x0000000080000000, 0x0000000089200000, 0x00000000d5580000)
  object space 149504K, 38% used [0x0000000080000000,0x000000008388cb50,0x0000000089200000)
 Metaspace       used 110597K, capacity 116824K, committed 117016K, reserved 1150976K
  class space    used 14593K, capacity 15824K, committed 15904K, reserved 1048576K
}

